
*** Running vivado
    with args -log A7BoardTop.vds -m64 -product Vivado -mode batch -messageDb vivado.pb -notrace -source A7BoardTop.tcl



****** Vivado v2023.2 (64-bit)
  **** SW Build 4029153 on Fri Oct 13 20:14:34 MDT 2023
  **** IP Build 4028589 on Sat Oct 14 00:45:43 MDT 2023
  **** SharedData Build 4025554 on Tue Oct 10 17:18:54 MDT 2023
    ** Copyright 1986-2022 Xilinx, Inc. All Rights Reserved.
    ** Copyright 2022-2023 Advanced Micro Devices, Inc. All Rights Reserved.

source A7BoardTop.tcl -notrace
create_project: Time (s): cpu = 00:00:05 ; elapsed = 00:00:06 . Memory (MB): peak = 534.559 ; gain = 183.043
Command: read_checkpoint -auto_incremental -incremental C:/Users/qubec/Documents/Development/ProjektyVHDL/A7BaseBoard/tangerineA7_200/tangerineA7_200.srcs/utils_1/imports/synth_1/A7BoardTop.dcp
INFO: [Vivado 12-5825] Read reference checkpoint from C:/Users/qubec/Documents/Development/ProjektyVHDL/A7BaseBoard/tangerineA7_200/tangerineA7_200.srcs/utils_1/imports/synth_1/A7BoardTop.dcp for incremental synthesis
INFO: [Vivado 12-7989] Please ensure there are no constraint changes
Command: synth_design -top A7BoardTop -part xc7a200tfbg676-1
Starting synth_design
Attempting to get a license for feature 'Synthesis' and/or device 'xc7a200t'
INFO: [Common 17-349] Got license for feature 'Synthesis' and/or device 'xc7a200t'
INFO: [Device 21-403] Loading part xc7a200tfbg676-1
INFO: [Designutils 20-5440] No compile time benefit to using incremental synthesis; A full resynthesis will be run
INFO: [Designutils 20-4379] Flow is switching to default flow due to incremental criteria not met. If you would like to alter this behaviour and have the flow terminate instead, please set the following parameter config_implementation {autoIncr.Synth.RejectBehavior Terminate}
INFO: [Synth 8-7079] Multithreading enabled for synth_design using a maximum of 2 processes.
INFO: [Synth 8-7078] Launching helper process for spawning children vivado processes
INFO: [Synth 8-7075] Helper process launched with PID 18636
---------------------------------------------------------------------------------
Starting RTL Elaboration : Time (s): cpu = 00:00:05 ; elapsed = 00:00:06 . Memory (MB): peak = 1436.449 ; gain = 438.871
---------------------------------------------------------------------------------
INFO: [Synth 8-638] synthesizing module 'A7BoardTop' [C:/Users/qubec/Documents/Development/ProjektyVHDL/A7BaseBoard/tangerineA7_200/tangerineA7_200.srcs/sources_1/new/A7BoardTop.vhd:72]
INFO: [Synth 8-3491] module 'clk_wiz_0' declared at 'C:/Users/qubec/Documents/Development/ProjektyVHDL/A7BaseBoard/tangerineA7_200/tangerineA7_200.runs/synth_1/.Xil/Vivado-12828-Desktop-qUBECk/realtime/clk_wiz_0_stub.vhdl:6' bound to instance 'clk_wiz_0Inst' of component 'clk_wiz_0' [C:/Users/qubec/Documents/Development/ProjektyVHDL/A7BaseBoard/tangerineA7_200/tangerineA7_200.srcs/sources_1/new/A7BoardTop.vhd:241]
INFO: [Synth 8-638] synthesizing module 'clk_wiz_0' [C:/Users/qubec/Documents/Development/ProjektyVHDL/A7BaseBoard/tangerineA7_200/tangerineA7_200.runs/synth_1/.Xil/Vivado-12828-Desktop-qUBECk/realtime/clk_wiz_0_stub.vhdl:22]
INFO: [Synth 8-113] binding component instance 'OBUFDS_blue' to cell 'OBUFDS' [C:/Users/qubec/Documents/Development/ProjektyVHDL/A7BaseBoard/tangerineA7_200/tangerineA7_200.srcs/sources_1/new/A7BoardTop.vhd:263]
INFO: [Synth 8-113] binding component instance 'OBUFDS_green' to cell 'OBUFDS' [C:/Users/qubec/Documents/Development/ProjektyVHDL/A7BaseBoard/tangerineA7_200/tangerineA7_200.srcs/sources_1/new/A7BoardTop.vhd:264]
INFO: [Synth 8-113] binding component instance 'OBUFDS_red' to cell 'OBUFDS' [C:/Users/qubec/Documents/Development/ProjektyVHDL/A7BaseBoard/tangerineA7_200/tangerineA7_200.srcs/sources_1/new/A7BoardTop.vhd:265]
INFO: [Synth 8-113] binding component instance 'OBUFDS_clock' to cell 'OBUFDS' [C:/Users/qubec/Documents/Development/ProjektyVHDL/A7BaseBoard/tangerineA7_200/tangerineA7_200.srcs/sources_1/new/A7BoardTop.vhd:266]
INFO: [Synth 8-3491] module 'dvid' declared at 'C:/Users/qubec/Documents/Development/ProjektyVHDL/A7BaseBoard/tangerineA7_200/tangerineA7_200.srcs/sources_1/new/dvid.vhd:15' bound to instance 'dvidInst' of component 'dvid' [C:/Users/qubec/Documents/Development/ProjektyVHDL/A7BaseBoard/tangerineA7_200/tangerineA7_200.srcs/sources_1/new/A7BoardTop.vhd:270]
INFO: [Synth 8-638] synthesizing module 'dvid' [C:/Users/qubec/Documents/Development/ProjektyVHDL/A7BaseBoard/tangerineA7_200/tangerineA7_200.srcs/sources_1/new/dvid.vhd:31]
INFO: [Synth 8-3491] module 'TDMS_encoder' declared at 'C:/Users/qubec/Documents/Development/ProjektyVHDL/A7BaseBoard/tangerineA7_200/tangerineA7_200.srcs/sources_1/new/TMDS_encoder.vhd:14' bound to instance 'TDMS_encoder_red' of component 'TDMS_encoder' [C:/Users/qubec/Documents/Development/ProjektyVHDL/A7BaseBoard/tangerineA7_200/tangerineA7_200.srcs/sources_1/new/dvid.vhd:56]
INFO: [Synth 8-638] synthesizing module 'TDMS_encoder' [C:/Users/qubec/Documents/Development/ProjektyVHDL/A7BaseBoard/tangerineA7_200/tangerineA7_200.srcs/sources_1/new/TMDS_encoder.vhd:22]
INFO: [Synth 8-256] done synthesizing module 'TDMS_encoder' (0#1) [C:/Users/qubec/Documents/Development/ProjektyVHDL/A7BaseBoard/tangerineA7_200/tangerineA7_200.srcs/sources_1/new/TMDS_encoder.vhd:22]
INFO: [Synth 8-3491] module 'TDMS_encoder' declared at 'C:/Users/qubec/Documents/Development/ProjektyVHDL/A7BaseBoard/tangerineA7_200/tangerineA7_200.srcs/sources_1/new/TMDS_encoder.vhd:14' bound to instance 'TDMS_encoder_green' of component 'TDMS_encoder' [C:/Users/qubec/Documents/Development/ProjektyVHDL/A7BaseBoard/tangerineA7_200/tangerineA7_200.srcs/sources_1/new/dvid.vhd:57]
INFO: [Synth 8-3491] module 'TDMS_encoder' declared at 'C:/Users/qubec/Documents/Development/ProjektyVHDL/A7BaseBoard/tangerineA7_200/tangerineA7_200.srcs/sources_1/new/TMDS_encoder.vhd:14' bound to instance 'TDMS_encoder_blue' of component 'TDMS_encoder' [C:/Users/qubec/Documents/Development/ProjektyVHDL/A7BaseBoard/tangerineA7_200/tangerineA7_200.srcs/sources_1/new/dvid.vhd:58]
	Parameter DDR_ALIGNMENT bound to: C0 - type: string 
	Parameter INIT bound to: 1'b0 
	Parameter SRTYPE bound to: ASYNC - type: string 
INFO: [Synth 8-113] binding component instance 'ODDR2_red' to cell 'ODDR2' [C:/Users/qubec/Documents/Development/ProjektyVHDL/A7BaseBoard/tangerineA7_200/tangerineA7_200.srcs/sources_1/new/dvid.vhd:60]
	Parameter DDR_ALIGNMENT bound to: C0 - type: string 
	Parameter INIT bound to: 1'b0 
	Parameter SRTYPE bound to: ASYNC - type: string 
INFO: [Synth 8-113] binding component instance 'ODDR2_green' to cell 'ODDR2' [C:/Users/qubec/Documents/Development/ProjektyVHDL/A7BaseBoard/tangerineA7_200/tangerineA7_200.srcs/sources_1/new/dvid.vhd:63]
	Parameter DDR_ALIGNMENT bound to: C0 - type: string 
	Parameter INIT bound to: 1'b0 
	Parameter SRTYPE bound to: ASYNC - type: string 
INFO: [Synth 8-113] binding component instance 'ODDR2_blue' to cell 'ODDR2' [C:/Users/qubec/Documents/Development/ProjektyVHDL/A7BaseBoard/tangerineA7_200/tangerineA7_200.srcs/sources_1/new/dvid.vhd:66]
	Parameter DDR_ALIGNMENT bound to: C0 - type: string 
	Parameter INIT bound to: 1'b0 
	Parameter SRTYPE bound to: ASYNC - type: string 
INFO: [Synth 8-113] binding component instance 'ODDR2_clock' to cell 'ODDR2' [C:/Users/qubec/Documents/Development/ProjektyVHDL/A7BaseBoard/tangerineA7_200/tangerineA7_200.srcs/sources_1/new/dvid.vhd:69]
INFO: [Synth 8-256] done synthesizing module 'dvid' (0#1) [C:/Users/qubec/Documents/Development/ProjektyVHDL/A7BaseBoard/tangerineA7_200/tangerineA7_200.srcs/sources_1/new/dvid.vhd:31]
INFO: [Synth 8-3491] module 'tangerineSOC' declared at 'C:/Users/qubec/Documents/Development/ProjektyVHDL/A7BaseBoard/tangerineA7_200/tangerineA7_200.srcs/sources_1/new/tangerineSOC.vhd:34' bound to instance 'tangerineSOCInst' of component 'tangerineSOC' [C:/Users/qubec/Documents/Development/ProjektyVHDL/A7BaseBoard/tangerineA7_200/tangerineA7_200.srcs/sources_1/new/A7BoardTop.vhd:293]
INFO: [Synth 8-638] synthesizing module 'tangerineSOC' [C:/Users/qubec/Documents/Development/ProjektyVHDL/A7BaseBoard/tangerineA7_200/tangerineA7_200.srcs/sources_1/new/tangerineSOC.vhd:79]
INFO: [Synth 8-3491] module 'fontPROM' declared at 'C:/Users/qubec/Documents/Development/ProjektyVHDL/A7BaseBoard/tangerineA7_200/tangerineA7_200.runs/synth_1/.Xil/Vivado-12828-Desktop-qUBECk/realtime/fontPROM_stub.vhdl:6' bound to instance 'fontPromInst' of component 'fontPROM' [C:/Users/qubec/Documents/Development/ProjektyVHDL/A7BaseBoard/tangerineA7_200/tangerineA7_200.srcs/sources_1/new/tangerineSOC.vhd:327]
INFO: [Synth 8-638] synthesizing module 'fontPROM' [C:/Users/qubec/Documents/Development/ProjektyVHDL/A7BaseBoard/tangerineA7_200/tangerineA7_200.runs/synth_1/.Xil/Vivado-12828-Desktop-qUBECk/realtime/fontPROM_stub.vhdl:15]
INFO: [Synth 8-3491] module 'systemRam' declared at 'C:/Users/qubec/Documents/Development/ProjektyVHDL/A7BaseBoard/tangerineA7_200/tangerineA7_200.runs/synth_1/.Xil/Vivado-12828-Desktop-qUBECk/realtime/systemRam_stub.vhdl:6' bound to instance 'systemRamInst' of component 'systemRam' [C:/Users/qubec/Documents/Development/ProjektyVHDL/A7BaseBoard/tangerineA7_200/tangerineA7_200.srcs/sources_1/new/tangerineSOC.vhd:336]
INFO: [Synth 8-638] synthesizing module 'systemRam' [C:/Users/qubec/Documents/Development/ProjektyVHDL/A7BaseBoard/tangerineA7_200/tangerineA7_200.runs/synth_1/.Xil/Vivado-12828-Desktop-qUBECk/realtime/systemRam_stub.vhdl:22]
INFO: [Synth 8-3491] module 'pixelGenTxt' declared at 'C:/Users/qubec/Documents/Development/ProjektyVHDL/A7BaseBoard/tangerineA7_200/tangerineA7_200.srcs/sources_1/new/pixelGenTxt.vhd:9' bound to instance 'pixelGenInst' of component 'pixelGenTxt' [C:/Users/qubec/Documents/Development/ProjektyVHDL/A7BaseBoard/tangerineA7_200/tangerineA7_200.srcs/sources_1/new/tangerineSOC.vhd:362]
INFO: [Synth 8-638] synthesizing module 'pixelGenTxt' [C:/Users/qubec/Documents/Development/ProjektyVHDL/A7BaseBoard/tangerineA7_200/tangerineA7_200.srcs/sources_1/new/pixelGenTxt.vhd:58]
INFO: [Synth 8-226] default block is never used [C:/Users/qubec/Documents/Development/ProjektyVHDL/A7BaseBoard/tangerineA7_200/tangerineA7_200.srcs/sources_1/new/pixelGenTxt.vhd:94]
INFO: [Synth 8-226] default block is never used [C:/Users/qubec/Documents/Development/ProjektyVHDL/A7BaseBoard/tangerineA7_200/tangerineA7_200.srcs/sources_1/new/pixelGenTxt.vhd:149]
INFO: [Synth 8-256] done synthesizing module 'pixelGenTxt' (0#1) [C:/Users/qubec/Documents/Development/ProjektyVHDL/A7BaseBoard/tangerineA7_200/tangerineA7_200.srcs/sources_1/new/pixelGenTxt.vhd:58]
INFO: [Synth 8-226] default block is never used [C:/Users/qubec/Documents/Development/ProjektyVHDL/A7BaseBoard/tangerineA7_200/tangerineA7_200.srcs/sources_1/new/tangerineSOC.vhd:412]
INFO: [Synth 8-3491] module 'picorv32' declared at 'C:/Users/qubec/Documents/Development/ProjektyVHDL/A7BaseBoard/tangerineA7_200/tangerineA7_200.srcs/sources_1/new/picorv32.v:62' bound to instance 'picorv32Inst' of component 'picorv32' [C:/Users/qubec/Documents/Development/ProjektyVHDL/A7BaseBoard/tangerineA7_200/tangerineA7_200.srcs/sources_1/new/tangerineSOC.vhd:558]
INFO: [Synth 8-6157] synthesizing module 'picorv32' [C:/Users/qubec/Documents/Development/ProjektyVHDL/A7BaseBoard/tangerineA7_200/tangerineA7_200.srcs/sources_1/new/picorv32.v:62]
INFO: [Synth 8-6157] synthesizing module 'picorv32_pcpi_fast_mul' [C:/Users/qubec/Documents/Development/ProjektyVHDL/A7BaseBoard/tangerineA7_200/tangerineA7_200.srcs/sources_1/new/picorv32.v:2313]
INFO: [Synth 8-155] case statement is not full and has no default [C:/Users/qubec/Documents/Development/ProjektyVHDL/A7BaseBoard/tangerineA7_200/tangerineA7_200.srcs/sources_1/new/picorv32.v:2350]
INFO: [Synth 8-6155] done synthesizing module 'picorv32_pcpi_fast_mul' (0#1) [C:/Users/qubec/Documents/Development/ProjektyVHDL/A7BaseBoard/tangerineA7_200/tangerineA7_200.srcs/sources_1/new/picorv32.v:2313]
INFO: [Synth 8-6157] synthesizing module 'picorv32_pcpi_div' [C:/Users/qubec/Documents/Development/ProjektyVHDL/A7BaseBoard/tangerineA7_200/tangerineA7_200.srcs/sources_1/new/picorv32.v:2415]
INFO: [Synth 8-155] case statement is not full and has no default [C:/Users/qubec/Documents/Development/ProjektyVHDL/A7BaseBoard/tangerineA7_200/tangerineA7_200.srcs/sources_1/new/picorv32.v:2440]
INFO: [Synth 8-6155] done synthesizing module 'picorv32_pcpi_div' (0#1) [C:/Users/qubec/Documents/Development/ProjektyVHDL/A7BaseBoard/tangerineA7_200/tangerineA7_200.srcs/sources_1/new/picorv32.v:2415]
INFO: [Synth 8-155] case statement is not full and has no default [C:/Users/qubec/Documents/Development/ProjektyVHDL/A7BaseBoard/tangerineA7_200/tangerineA7_200.srcs/sources_1/new/picorv32.v:331]
WARNING: [Synth 8-151] case item 1'b0 is unreachable [C:/Users/qubec/Documents/Development/ProjektyVHDL/A7BaseBoard/tangerineA7_200/tangerineA7_200.srcs/sources_1/new/picorv32.v:1309]
INFO: [Synth 8-155] case statement is not full and has no default [C:/Users/qubec/Documents/Development/ProjektyVHDL/A7BaseBoard/tangerineA7_200/tangerineA7_200.srcs/sources_1/new/picorv32.v:1309]
WARNING: [Synth 8-151] case item 1'b0 is unreachable [C:/Users/qubec/Documents/Development/ProjektyVHDL/A7BaseBoard/tangerineA7_200/tangerineA7_200.srcs/sources_1/new/picorv32.v:1492]
INFO: [Synth 8-155] case statement is not full and has no default [C:/Users/qubec/Documents/Development/ProjektyVHDL/A7BaseBoard/tangerineA7_200/tangerineA7_200.srcs/sources_1/new/picorv32.v:1492]
WARNING: [Synth 8-151] case item 1'b0 is unreachable [C:/Users/qubec/Documents/Development/ProjektyVHDL/A7BaseBoard/tangerineA7_200/tangerineA7_200.srcs/sources_1/new/picorv32.v:1578]
WARNING: [Synth 8-151] case item 1'b0 is unreachable [C:/Users/qubec/Documents/Development/ProjektyVHDL/A7BaseBoard/tangerineA7_200/tangerineA7_200.srcs/sources_1/new/picorv32.v:1578]
WARNING: [Synth 8-151] case item 1'b0 is unreachable [C:/Users/qubec/Documents/Development/ProjektyVHDL/A7BaseBoard/tangerineA7_200/tangerineA7_200.srcs/sources_1/new/picorv32.v:1578]
WARNING: [Synth 8-151] case item 1'b0 is unreachable [C:/Users/qubec/Documents/Development/ProjektyVHDL/A7BaseBoard/tangerineA7_200/tangerineA7_200.srcs/sources_1/new/picorv32.v:1578]
WARNING: [Synth 8-151] case item 1'b0 is unreachable [C:/Users/qubec/Documents/Development/ProjektyVHDL/A7BaseBoard/tangerineA7_200/tangerineA7_200.srcs/sources_1/new/picorv32.v:1578]
INFO: [Synth 8-6155] done synthesizing module 'picorv32' (0#1) [C:/Users/qubec/Documents/Development/ProjektyVHDL/A7BaseBoard/tangerineA7_200/tangerineA7_200.srcs/sources_1/new/picorv32.v:62]
INFO: [Synth 8-226] default block is never used [C:/Users/qubec/Documents/Development/ProjektyVHDL/A7BaseBoard/tangerineA7_200/tangerineA7_200.srcs/sources_1/new/tangerineSOC.vhd:638]
INFO: [Synth 8-3491] module 'UART' declared at 'C:/Users/qubec/Documents/Development/ProjektyVHDL/A7BaseBoard/tangerineA7_200/tangerineA7_200.srcs/sources_1/new/uart.vhd:7' bound to instance 'UARTInst' of component 'UART' [C:/Users/qubec/Documents/Development/ProjektyVHDL/A7BaseBoard/tangerineA7_200/tangerineA7_200.srcs/sources_1/new/tangerineSOC.vhd:750]
INFO: [Synth 8-638] synthesizing module 'UART' [C:/Users/qubec/Documents/Development/ProjektyVHDL/A7BaseBoard/tangerineA7_200/tangerineA7_200.srcs/sources_1/new/uart.vhd:39]
INFO: [Synth 8-226] default block is never used [C:/Users/qubec/Documents/Development/ProjektyVHDL/A7BaseBoard/tangerineA7_200/tangerineA7_200.srcs/sources_1/new/uart.vhd:153]
	Parameter inputWidth bound to: 1 - type: integer 
INFO: [Synth 8-3491] module 'inputSync' declared at 'C:/Users/qubec/Documents/Development/ProjektyVHDL/A7BaseBoard/tangerineA7_200/tangerineA7_200.srcs/sources_1/new/InputSync.vhd:7' bound to instance 'rxdSyncInst' of component 'inputSync' [C:/Users/qubec/Documents/Development/ProjektyVHDL/A7BaseBoard/tangerineA7_200/tangerineA7_200.srcs/sources_1/new/uart.vhd:225]
INFO: [Synth 8-638] synthesizing module 'inputSync' [C:/Users/qubec/Documents/Development/ProjektyVHDL/A7BaseBoard/tangerineA7_200/tangerineA7_200.srcs/sources_1/new/InputSync.vhd:26]
	Parameter inputWidth bound to: 1 - type: integer 
INFO: [Synth 8-256] done synthesizing module 'inputSync' (0#1) [C:/Users/qubec/Documents/Development/ProjektyVHDL/A7BaseBoard/tangerineA7_200/tangerineA7_200.srcs/sources_1/new/InputSync.vhd:26]
INFO: [Synth 8-3491] module 'uartFiFo' declared at 'C:/Users/qubec/Documents/Development/ProjektyVHDL/A7BaseBoard/tangerineA7_200/tangerineA7_200.runs/synth_1/.Xil/Vivado-12828-Desktop-qUBECk/realtime/uartFiFo_stub.vhdl:6' bound to instance 'rxFiFoInst' of component 'uartFiFo' [C:/Users/qubec/Documents/Development/ProjektyVHDL/A7BaseBoard/tangerineA7_200/tangerineA7_200.srcs/sources_1/new/uart.vhd:242]
INFO: [Synth 8-638] synthesizing module 'uartFiFo' [C:/Users/qubec/Documents/Development/ProjektyVHDL/A7BaseBoard/tangerineA7_200/tangerineA7_200.runs/synth_1/.Xil/Vivado-12828-Desktop-qUBECk/realtime/uartFiFo_stub.vhdl:22]
INFO: [Synth 8-256] done synthesizing module 'UART' (0#1) [C:/Users/qubec/Documents/Development/ProjektyVHDL/A7BaseBoard/tangerineA7_200/tangerineA7_200.srcs/sources_1/new/uart.vhd:39]
INFO: [Synth 8-256] done synthesizing module 'tangerineSOC' (0#1) [C:/Users/qubec/Documents/Development/ProjektyVHDL/A7BaseBoard/tangerineA7_200/tangerineA7_200.srcs/sources_1/new/tangerineSOC.vhd:79]
INFO: [Synth 8-256] done synthesizing module 'A7BoardTop' (0#1) [C:/Users/qubec/Documents/Development/ProjektyVHDL/A7BaseBoard/tangerineA7_200/tangerineA7_200.srcs/sources_1/new/A7BoardTop.vhd:72]
WARNING: [Synth 8-6014] Unused sequential element pcpi_insn_valid_q_reg was removed.  [C:/Users/qubec/Documents/Development/ProjektyVHDL/A7BaseBoard/tangerineA7_200/tangerineA7_200.srcs/sources_1/new/picorv32.v:2360]
WARNING: [Synth 8-6014] Unused sequential element rs1_q_reg was removed.  [C:/Users/qubec/Documents/Development/ProjektyVHDL/A7BaseBoard/tangerineA7_200/tangerineA7_200.srcs/sources_1/new/picorv32.v:2362]
WARNING: [Synth 8-6014] Unused sequential element rs2_q_reg was removed.  [C:/Users/qubec/Documents/Development/ProjektyVHDL/A7BaseBoard/tangerineA7_200/tangerineA7_200.srcs/sources_1/new/picorv32.v:2363]
WARNING: [Synth 8-6014] Unused sequential element rd_q_reg was removed.  [C:/Users/qubec/Documents/Development/ProjektyVHDL/A7BaseBoard/tangerineA7_200/tangerineA7_200.srcs/sources_1/new/picorv32.v:2369]
WARNING: [Synth 8-6014] Unused sequential element pcpi_wr_reg was removed.  [C:/Users/qubec/Documents/Development/ProjektyVHDL/A7BaseBoard/tangerineA7_200/tangerineA7_200.srcs/sources_1/new/picorv32.v:2461]
WARNING: [Synth 8-6014] Unused sequential element mem_la_firstword_reg_reg was removed.  [C:/Users/qubec/Documents/Development/ProjektyVHDL/A7BaseBoard/tangerineA7_200/tangerineA7_200.srcs/sources_1/new/picorv32.v:392]
WARNING: [Synth 8-6014] Unused sequential element last_mem_valid_reg was removed.  [C:/Users/qubec/Documents/Development/ProjektyVHDL/A7BaseBoard/tangerineA7_200/tangerineA7_200.srcs/sources_1/new/picorv32.v:393]
WARNING: [Synth 8-6014] Unused sequential element next_insn_opcode_reg was removed.  [C:/Users/qubec/Documents/Development/ProjektyVHDL/A7BaseBoard/tangerineA7_200/tangerineA7_200.srcs/sources_1/new/picorv32.v:433]
WARNING: [Synth 8-6014] Unused sequential element mem_la_secondword_reg was removed.  [C:/Users/qubec/Documents/Development/ProjektyVHDL/A7BaseBoard/tangerineA7_200/tangerineA7_200.srcs/sources_1/new/picorv32.v:571]
WARNING: [Synth 8-6014] Unused sequential element prefetched_high_word_reg was removed.  [C:/Users/qubec/Documents/Development/ProjektyVHDL/A7BaseBoard/tangerineA7_200/tangerineA7_200.srcs/sources_1/new/picorv32.v:572]
WARNING: [Synth 8-6014] Unused sequential element q_ascii_instr_reg was removed.  [C:/Users/qubec/Documents/Development/ProjektyVHDL/A7BaseBoard/tangerineA7_200/tangerineA7_200.srcs/sources_1/new/picorv32.v:777]
WARNING: [Synth 8-6014] Unused sequential element q_insn_imm_reg was removed.  [C:/Users/qubec/Documents/Development/ProjektyVHDL/A7BaseBoard/tangerineA7_200/tangerineA7_200.srcs/sources_1/new/picorv32.v:778]
WARNING: [Synth 8-6014] Unused sequential element q_insn_opcode_reg was removed.  [C:/Users/qubec/Documents/Development/ProjektyVHDL/A7BaseBoard/tangerineA7_200/tangerineA7_200.srcs/sources_1/new/picorv32.v:779]
WARNING: [Synth 8-6014] Unused sequential element q_insn_rs1_reg was removed.  [C:/Users/qubec/Documents/Development/ProjektyVHDL/A7BaseBoard/tangerineA7_200/tangerineA7_200.srcs/sources_1/new/picorv32.v:780]
WARNING: [Synth 8-6014] Unused sequential element q_insn_rs2_reg was removed.  [C:/Users/qubec/Documents/Development/ProjektyVHDL/A7BaseBoard/tangerineA7_200/tangerineA7_200.srcs/sources_1/new/picorv32.v:781]
WARNING: [Synth 8-6014] Unused sequential element q_insn_rd_reg was removed.  [C:/Users/qubec/Documents/Development/ProjektyVHDL/A7BaseBoard/tangerineA7_200/tangerineA7_200.srcs/sources_1/new/picorv32.v:782]
WARNING: [Synth 8-6014] Unused sequential element dbg_next_reg was removed.  [C:/Users/qubec/Documents/Development/ProjektyVHDL/A7BaseBoard/tangerineA7_200/tangerineA7_200.srcs/sources_1/new/picorv32.v:783]
WARNING: [Synth 8-6014] Unused sequential element dbg_valid_insn_reg was removed.  [C:/Users/qubec/Documents/Development/ProjektyVHDL/A7BaseBoard/tangerineA7_200/tangerineA7_200.srcs/sources_1/new/picorv32.v:786]
WARNING: [Synth 8-6014] Unused sequential element cached_ascii_instr_reg was removed.  [C:/Users/qubec/Documents/Development/ProjektyVHDL/A7BaseBoard/tangerineA7_200/tangerineA7_200.srcs/sources_1/new/picorv32.v:791]
WARNING: [Synth 8-6014] Unused sequential element cached_insn_imm_reg was removed.  [C:/Users/qubec/Documents/Development/ProjektyVHDL/A7BaseBoard/tangerineA7_200/tangerineA7_200.srcs/sources_1/new/picorv32.v:792]
WARNING: [Synth 8-6014] Unused sequential element cached_insn_opcode_reg was removed.  [C:/Users/qubec/Documents/Development/ProjektyVHDL/A7BaseBoard/tangerineA7_200/tangerineA7_200.srcs/sources_1/new/picorv32.v:794]
WARNING: [Synth 8-6014] Unused sequential element cached_insn_rs1_reg was removed.  [C:/Users/qubec/Documents/Development/ProjektyVHDL/A7BaseBoard/tangerineA7_200/tangerineA7_200.srcs/sources_1/new/picorv32.v:797]
WARNING: [Synth 8-6014] Unused sequential element cached_insn_rs2_reg was removed.  [C:/Users/qubec/Documents/Development/ProjektyVHDL/A7BaseBoard/tangerineA7_200/tangerineA7_200.srcs/sources_1/new/picorv32.v:798]
WARNING: [Synth 8-6014] Unused sequential element cached_insn_rd_reg was removed.  [C:/Users/qubec/Documents/Development/ProjektyVHDL/A7BaseBoard/tangerineA7_200/tangerineA7_200.srcs/sources_1/new/picorv32.v:799]
WARNING: [Synth 8-6014] Unused sequential element dbg_insn_addr_reg was removed.  [C:/Users/qubec/Documents/Development/ProjektyVHDL/A7BaseBoard/tangerineA7_200/tangerineA7_200.srcs/sources_1/new/picorv32.v:803]
WARNING: [Synth 8-6014] Unused sequential element is_sll_srl_sra_reg was removed.  [C:/Users/qubec/Documents/Development/ProjektyVHDL/A7BaseBoard/tangerineA7_200/tangerineA7_200.srcs/sources_1/new/picorv32.v:1107]
WARNING: [Synth 8-6014] Unused sequential element clear_prefetched_high_word_q_reg was removed.  [C:/Users/qubec/Documents/Development/ProjektyVHDL/A7BaseBoard/tangerineA7_200/tangerineA7_200.srcs/sources_1/new/picorv32.v:1288]
WARNING: [Synth 8-6014] Unused sequential element set_mem_do_rinst_reg was removed.  [C:/Users/qubec/Documents/Development/ProjektyVHDL/A7BaseBoard/tangerineA7_200/tangerineA7_200.srcs/sources_1/new/picorv32.v:1401]
WARNING: [Synth 8-6014] Unused sequential element set_mem_do_rdata_reg was removed.  [C:/Users/qubec/Documents/Development/ProjektyVHDL/A7BaseBoard/tangerineA7_200/tangerineA7_200.srcs/sources_1/new/picorv32.v:1402]
WARNING: [Synth 8-6014] Unused sequential element set_mem_do_wdata_reg was removed.  [C:/Users/qubec/Documents/Development/ProjektyVHDL/A7BaseBoard/tangerineA7_200/tangerineA7_200.srcs/sources_1/new/picorv32.v:1403]
WARNING: [Synth 8-6014] Unused sequential element alu_out_0_q_reg was removed.  [C:/Users/qubec/Documents/Development/ProjektyVHDL/A7BaseBoard/tangerineA7_200/tangerineA7_200.srcs/sources_1/new/picorv32.v:1405]
WARNING: [Synth 8-6014] Unused sequential element alu_wait_reg was removed.  [C:/Users/qubec/Documents/Development/ProjektyVHDL/A7BaseBoard/tangerineA7_200/tangerineA7_200.srcs/sources_1/new/picorv32.v:1408]
WARNING: [Synth 8-6014] Unused sequential element alu_wait_2_reg was removed.  [C:/Users/qubec/Documents/Development/ProjektyVHDL/A7BaseBoard/tangerineA7_200/tangerineA7_200.srcs/sources_1/new/picorv32.v:1409]
WARNING: [Synth 8-6014] Unused sequential element dbg_rs1val_reg was removed.  [C:/Users/qubec/Documents/Development/ProjektyVHDL/A7BaseBoard/tangerineA7_200/tangerineA7_200.srcs/sources_1/new/picorv32.v:1412]
WARNING: [Synth 8-6014] Unused sequential element dbg_rs2val_reg was removed.  [C:/Users/qubec/Documents/Development/ProjektyVHDL/A7BaseBoard/tangerineA7_200/tangerineA7_200.srcs/sources_1/new/picorv32.v:1413]
WARNING: [Synth 8-6014] Unused sequential element dbg_rs1val_valid_reg was removed.  [C:/Users/qubec/Documents/Development/ProjektyVHDL/A7BaseBoard/tangerineA7_200/tangerineA7_200.srcs/sources_1/new/picorv32.v:1414]
WARNING: [Synth 8-6014] Unused sequential element dbg_rs2val_valid_reg was removed.  [C:/Users/qubec/Documents/Development/ProjektyVHDL/A7BaseBoard/tangerineA7_200/tangerineA7_200.srcs/sources_1/new/picorv32.v:1415]
WARNING: [Synth 8-6014] Unused sequential element next_irq_pending_reg was removed.  [C:/Users/qubec/Documents/Development/ProjektyVHDL/A7BaseBoard/tangerineA7_200/tangerineA7_200.srcs/sources_1/new/picorv32.v:1435]
WARNING: [Synth 8-6014] Unused sequential element decoder_trigger_q_reg was removed.  [C:/Users/qubec/Documents/Development/ProjektyVHDL/A7BaseBoard/tangerineA7_200/tangerineA7_200.srcs/sources_1/new/picorv32.v:1442]
WARNING: [Synth 8-6014] Unused sequential element decoder_pseudo_trigger_q_reg was removed.  [C:/Users/qubec/Documents/Development/ProjektyVHDL/A7BaseBoard/tangerineA7_200/tangerineA7_200.srcs/sources_1/new/picorv32.v:1444]
WARNING: [Synth 8-6014] Unused sequential element latched_trace_reg was removed.  [C:/Users/qubec/Documents/Development/ProjektyVHDL/A7BaseBoard/tangerineA7_200/tangerineA7_200.srcs/sources_1/new/picorv32.v:1460]
WARNING: [Synth 8-6014] Unused sequential element irq_active_reg was removed.  [C:/Users/qubec/Documents/Development/ProjektyVHDL/A7BaseBoard/tangerineA7_200/tangerineA7_200.srcs/sources_1/new/picorv32.v:1466]
WARNING: [Synth 8-6014] Unused sequential element irq_delay_reg was removed.  [C:/Users/qubec/Documents/Development/ProjektyVHDL/A7BaseBoard/tangerineA7_200/tangerineA7_200.srcs/sources_1/new/picorv32.v:1467]
WARNING: [Synth 8-6014] Unused sequential element irq_mask_reg was removed.  [C:/Users/qubec/Documents/Development/ProjektyVHDL/A7BaseBoard/tangerineA7_200/tangerineA7_200.srcs/sources_1/new/picorv32.v:1468]
WARNING: [Synth 8-6014] Unused sequential element irq_state_reg was removed.  [C:/Users/qubec/Documents/Development/ProjektyVHDL/A7BaseBoard/tangerineA7_200/tangerineA7_200.srcs/sources_1/new/picorv32.v:1470]
WARNING: [Synth 8-6014] Unused sequential element timer_reg was removed.  [C:/Users/qubec/Documents/Development/ProjektyVHDL/A7BaseBoard/tangerineA7_200/tangerineA7_200.srcs/sources_1/new/picorv32.v:1472]
WARNING: [Synth 8-6014] Unused sequential element current_pc_reg was removed.  [C:/Users/qubec/Documents/Development/ProjektyVHDL/A7BaseBoard/tangerineA7_200/tangerineA7_200.srcs/sources_1/new/picorv32.v:1490]
WARNING: [Synth 8-6014] Unused sequential element irq_pending_reg was removed.  [C:/Users/qubec/Documents/Development/ProjektyVHDL/A7BaseBoard/tangerineA7_200/tangerineA7_200.srcs/sources_1/new/picorv32.v:1958]
WARNING: [Synth 8-6014] Unused sequential element trace_valid_reg was removed.  [C:/Users/qubec/Documents/Development/ProjektyVHDL/A7BaseBoard/tangerineA7_200/tangerineA7_200.srcs/sources_1/new/picorv32.v:1447]
WARNING: [Synth 8-6014] Unused sequential element tickTimerReset_reg was removed.  [C:/Users/qubec/Documents/Development/ProjektyVHDL/A7BaseBoard/tangerineA7_200/tangerineA7_200.srcs/sources_1/new/tangerineSOC.vhd:629]
WARNING: [Synth 8-6014] Unused sequential element frameTimerReset_reg was removed.  [C:/Users/qubec/Documents/Development/ProjektyVHDL/A7BaseBoard/tangerineA7_200/tangerineA7_200.srcs/sources_1/new/tangerineSOC.vhd:636]
WARNING: [Synth 8-3848] Net pggR in module/entity tangerineSOC does not have driver. [C:/Users/qubec/Documents/Development/ProjektyVHDL/A7BaseBoard/tangerineA7_200/tangerineA7_200.srcs/sources_1/new/tangerineSOC.vhd:233]
WARNING: [Synth 8-3848] Net pggG in module/entity tangerineSOC does not have driver. [C:/Users/qubec/Documents/Development/ProjektyVHDL/A7BaseBoard/tangerineA7_200/tangerineA7_200.srcs/sources_1/new/tangerineSOC.vhd:234]
WARNING: [Synth 8-3848] Net pggB in module/entity tangerineSOC does not have driver. [C:/Users/qubec/Documents/Development/ProjektyVHDL/A7BaseBoard/tangerineA7_200/tangerineA7_200.srcs/sources_1/new/tangerineSOC.vhd:235]
WARNING: [Synth 8-3848] Net sdramA in module/entity tangerineSOC does not have driver. [C:/Users/qubec/Documents/Development/ProjektyVHDL/A7BaseBoard/tangerineA7_200/tangerineA7_200.srcs/sources_1/new/tangerineSOC.vhd:60]
WARNING: [Synth 8-3848] Net sdramBA in module/entity tangerineSOC does not have driver. [C:/Users/qubec/Documents/Development/ProjektyVHDL/A7BaseBoard/tangerineA7_200/tangerineA7_200.srcs/sources_1/new/tangerineSOC.vhd:61]
WARNING: [Synth 8-3848] Net sdramCKE in module/entity tangerineSOC does not have driver. [C:/Users/qubec/Documents/Development/ProjektyVHDL/A7BaseBoard/tangerineA7_200/tangerineA7_200.srcs/sources_1/new/tangerineSOC.vhd:63]
WARNING: [Synth 8-3848] Net sdramCLK in module/entity tangerineSOC does not have driver. [C:/Users/qubec/Documents/Development/ProjektyVHDL/A7BaseBoard/tangerineA7_200/tangerineA7_200.srcs/sources_1/new/tangerineSOC.vhd:64]
WARNING: [Synth 8-3848] Net sdramDQM in module/entity tangerineSOC does not have driver. [C:/Users/qubec/Documents/Development/ProjektyVHDL/A7BaseBoard/tangerineA7_200/tangerineA7_200.srcs/sources_1/new/tangerineSOC.vhd:65]
WARNING: [Synth 8-3848] Net sdramCAS in module/entity tangerineSOC does not have driver. [C:/Users/qubec/Documents/Development/ProjektyVHDL/A7BaseBoard/tangerineA7_200/tangerineA7_200.srcs/sources_1/new/tangerineSOC.vhd:66]
WARNING: [Synth 8-3848] Net sdramRAS in module/entity tangerineSOC does not have driver. [C:/Users/qubec/Documents/Development/ProjektyVHDL/A7BaseBoard/tangerineA7_200/tangerineA7_200.srcs/sources_1/new/tangerineSOC.vhd:67]
WARNING: [Synth 8-3848] Net sdramWE in module/entity tangerineSOC does not have driver. [C:/Users/qubec/Documents/Development/ProjektyVHDL/A7BaseBoard/tangerineA7_200/tangerineA7_200.srcs/sources_1/new/tangerineSOC.vhd:68]
WARNING: [Synth 8-3848] Net sdramCS in module/entity tangerineSOC does not have driver. [C:/Users/qubec/Documents/Development/ProjektyVHDL/A7BaseBoard/tangerineA7_200/tangerineA7_200.srcs/sources_1/new/tangerineSOC.vhd:69]
WARNING: [Synth 8-3848] Net tickTimerCounter in module/entity tangerineSOC does not have driver. [C:/Users/qubec/Documents/Development/ProjektyVHDL/A7BaseBoard/tangerineA7_200/tangerineA7_200.srcs/sources_1/new/tangerineSOC.vhd:289]
WARNING: [Synth 8-3848] Net frameTimerValue in module/entity tangerineSOC does not have driver. [C:/Users/qubec/Documents/Development/ProjektyVHDL/A7BaseBoard/tangerineA7_200/tangerineA7_200.srcs/sources_1/new/tangerineSOC.vhd:297]
WARNING: [Synth 8-3848] Net sdCardCmd in module/entity A7BoardTop does not have driver. [C:/Users/qubec/Documents/Development/ProjektyVHDL/A7BaseBoard/tangerineA7_200/tangerineA7_200.srcs/sources_1/new/A7BoardTop.vhd:54]
WARNING: [Synth 8-3848] Net sdCardClk in module/entity A7BoardTop does not have driver. [C:/Users/qubec/Documents/Development/ProjektyVHDL/A7BaseBoard/tangerineA7_200/tangerineA7_200.srcs/sources_1/new/A7BoardTop.vhd:55]
WARNING: [Synth 8-3917] design A7BoardTop has port sdramA[12] driven by constant 0
WARNING: [Synth 8-3917] design A7BoardTop has port sdramA[11] driven by constant 0
WARNING: [Synth 8-3917] design A7BoardTop has port sdramA[10] driven by constant 0
WARNING: [Synth 8-3917] design A7BoardTop has port sdramA[9] driven by constant 0
WARNING: [Synth 8-3917] design A7BoardTop has port sdramA[8] driven by constant 0
WARNING: [Synth 8-3917] design A7BoardTop has port sdramA[7] driven by constant 0
WARNING: [Synth 8-3917] design A7BoardTop has port sdramA[6] driven by constant 0
WARNING: [Synth 8-3917] design A7BoardTop has port sdramA[5] driven by constant 0
WARNING: [Synth 8-3917] design A7BoardTop has port sdramA[4] driven by constant 0
WARNING: [Synth 8-3917] design A7BoardTop has port sdramA[3] driven by constant 0
WARNING: [Synth 8-3917] design A7BoardTop has port sdramA[2] driven by constant 0
WARNING: [Synth 8-3917] design A7BoardTop has port sdramA[1] driven by constant 0
WARNING: [Synth 8-3917] design A7BoardTop has port sdramA[0] driven by constant 0
WARNING: [Synth 8-3917] design A7BoardTop has port sdramBA[1] driven by constant 0
WARNING: [Synth 8-3917] design A7BoardTop has port sdramBA[0] driven by constant 0
WARNING: [Synth 8-3917] design A7BoardTop has port sdramCKE driven by constant 0
WARNING: [Synth 8-3917] design A7BoardTop has port sdramCLK driven by constant 0
WARNING: [Synth 8-3917] design A7BoardTop has port sdramDQM[3] driven by constant 1
WARNING: [Synth 8-3917] design A7BoardTop has port sdramDQM[2] driven by constant 1
WARNING: [Synth 8-3917] design A7BoardTop has port sdramDQM[1] driven by constant 1
WARNING: [Synth 8-3917] design A7BoardTop has port sdramDQM[0] driven by constant 1
WARNING: [Synth 8-3917] design A7BoardTop has port sdramCAS driven by constant 1
WARNING: [Synth 8-3917] design A7BoardTop has port sdramRAS driven by constant 1
WARNING: [Synth 8-3917] design A7BoardTop has port sdramWE driven by constant 1
WARNING: [Synth 8-3917] design A7BoardTop has port sdramCS driven by constant 1
WARNING: [Synth 8-7129] Port a[15] in module UART is either unconnected or has no load
WARNING: [Synth 8-7129] Port a[14] in module UART is either unconnected or has no load
WARNING: [Synth 8-7129] Port a[13] in module UART is either unconnected or has no load
WARNING: [Synth 8-7129] Port a[12] in module UART is either unconnected or has no load
WARNING: [Synth 8-7129] Port a[11] in module UART is either unconnected or has no load
WARNING: [Synth 8-7129] Port a[10] in module UART is either unconnected or has no load
WARNING: [Synth 8-7129] Port a[9] in module UART is either unconnected or has no load
WARNING: [Synth 8-7129] Port a[8] in module UART is either unconnected or has no load
WARNING: [Synth 8-7129] Port din[31] in module UART is either unconnected or has no load
WARNING: [Synth 8-7129] Port din[30] in module UART is either unconnected or has no load
WARNING: [Synth 8-7129] Port din[29] in module UART is either unconnected or has no load
WARNING: [Synth 8-7129] Port din[28] in module UART is either unconnected or has no load
WARNING: [Synth 8-7129] Port din[27] in module UART is either unconnected or has no load
WARNING: [Synth 8-7129] Port din[26] in module UART is either unconnected or has no load
WARNING: [Synth 8-7129] Port din[25] in module UART is either unconnected or has no load
WARNING: [Synth 8-7129] Port din[24] in module UART is either unconnected or has no load
WARNING: [Synth 8-7129] Port din[23] in module UART is either unconnected or has no load
WARNING: [Synth 8-7129] Port din[22] in module UART is either unconnected or has no load
WARNING: [Synth 8-7129] Port din[21] in module UART is either unconnected or has no load
WARNING: [Synth 8-7129] Port din[20] in module UART is either unconnected or has no load
WARNING: [Synth 8-7129] Port din[19] in module UART is either unconnected or has no load
WARNING: [Synth 8-7129] Port din[18] in module UART is either unconnected or has no load
WARNING: [Synth 8-7129] Port din[17] in module UART is either unconnected or has no load
WARNING: [Synth 8-7129] Port din[16] in module UART is either unconnected or has no load
WARNING: [Synth 8-7129] Port din[15] in module UART is either unconnected or has no load
WARNING: [Synth 8-7129] Port din[14] in module UART is either unconnected or has no load
WARNING: [Synth 8-7129] Port din[13] in module UART is either unconnected or has no load
WARNING: [Synth 8-7129] Port din[12] in module UART is either unconnected or has no load
WARNING: [Synth 8-7129] Port din[11] in module UART is either unconnected or has no load
WARNING: [Synth 8-7129] Port din[10] in module UART is either unconnected or has no load
WARNING: [Synth 8-7129] Port din[9] in module UART is either unconnected or has no load
WARNING: [Synth 8-7129] Port din[8] in module UART is either unconnected or has no load
WARNING: [Synth 8-7129] Port dataMask[3] in module UART is either unconnected or has no load
WARNING: [Synth 8-7129] Port dataMask[2] in module UART is either unconnected or has no load
WARNING: [Synth 8-7129] Port dataMask[1] in module UART is either unconnected or has no load
WARNING: [Synth 8-7129] Port dataMask[0] in module UART is either unconnected or has no load
WARNING: [Synth 8-7129] Port pcpi_insn[24] in module picorv32_pcpi_div is either unconnected or has no load
WARNING: [Synth 8-7129] Port pcpi_insn[23] in module picorv32_pcpi_div is either unconnected or has no load
WARNING: [Synth 8-7129] Port pcpi_insn[22] in module picorv32_pcpi_div is either unconnected or has no load
WARNING: [Synth 8-7129] Port pcpi_insn[21] in module picorv32_pcpi_div is either unconnected or has no load
WARNING: [Synth 8-7129] Port pcpi_insn[20] in module picorv32_pcpi_div is either unconnected or has no load
WARNING: [Synth 8-7129] Port pcpi_insn[19] in module picorv32_pcpi_div is either unconnected or has no load
WARNING: [Synth 8-7129] Port pcpi_insn[18] in module picorv32_pcpi_div is either unconnected or has no load
WARNING: [Synth 8-7129] Port pcpi_insn[17] in module picorv32_pcpi_div is either unconnected or has no load
WARNING: [Synth 8-7129] Port pcpi_insn[16] in module picorv32_pcpi_div is either unconnected or has no load
WARNING: [Synth 8-7129] Port pcpi_insn[15] in module picorv32_pcpi_div is either unconnected or has no load
WARNING: [Synth 8-7129] Port pcpi_insn[11] in module picorv32_pcpi_div is either unconnected or has no load
WARNING: [Synth 8-7129] Port pcpi_insn[10] in module picorv32_pcpi_div is either unconnected or has no load
WARNING: [Synth 8-7129] Port pcpi_insn[9] in module picorv32_pcpi_div is either unconnected or has no load
WARNING: [Synth 8-7129] Port pcpi_insn[8] in module picorv32_pcpi_div is either unconnected or has no load
WARNING: [Synth 8-7129] Port pcpi_insn[7] in module picorv32_pcpi_div is either unconnected or has no load
WARNING: [Synth 8-7129] Port pcpi_insn[24] in module picorv32_pcpi_fast_mul is either unconnected or has no load
WARNING: [Synth 8-7129] Port pcpi_insn[23] in module picorv32_pcpi_fast_mul is either unconnected or has no load
WARNING: [Synth 8-7129] Port pcpi_insn[22] in module picorv32_pcpi_fast_mul is either unconnected or has no load
WARNING: [Synth 8-7129] Port pcpi_insn[21] in module picorv32_pcpi_fast_mul is either unconnected or has no load
WARNING: [Synth 8-7129] Port pcpi_insn[20] in module picorv32_pcpi_fast_mul is either unconnected or has no load
WARNING: [Synth 8-7129] Port pcpi_insn[19] in module picorv32_pcpi_fast_mul is either unconnected or has no load
WARNING: [Synth 8-7129] Port pcpi_insn[18] in module picorv32_pcpi_fast_mul is either unconnected or has no load
WARNING: [Synth 8-7129] Port pcpi_insn[17] in module picorv32_pcpi_fast_mul is either unconnected or has no load
WARNING: [Synth 8-7129] Port pcpi_insn[16] in module picorv32_pcpi_fast_mul is either unconnected or has no load
WARNING: [Synth 8-7129] Port pcpi_insn[15] in module picorv32_pcpi_fast_mul is either unconnected or has no load
WARNING: [Synth 8-7129] Port pcpi_insn[11] in module picorv32_pcpi_fast_mul is either unconnected or has no load
WARNING: [Synth 8-7129] Port pcpi_insn[10] in module picorv32_pcpi_fast_mul is either unconnected or has no load
WARNING: [Synth 8-7129] Port pcpi_insn[9] in module picorv32_pcpi_fast_mul is either unconnected or has no load
WARNING: [Synth 8-7129] Port pcpi_insn[8] in module picorv32_pcpi_fast_mul is either unconnected or has no load
WARNING: [Synth 8-7129] Port pcpi_insn[7] in module picorv32_pcpi_fast_mul is either unconnected or has no load
WARNING: [Synth 8-7129] Port pcpi_wr in module picorv32 is either unconnected or has no load
WARNING: [Synth 8-7129] Port pcpi_rd[31] in module picorv32 is either unconnected or has no load
WARNING: [Synth 8-7129] Port pcpi_rd[30] in module picorv32 is either unconnected or has no load
WARNING: [Synth 8-7129] Port pcpi_rd[29] in module picorv32 is either unconnected or has no load
WARNING: [Synth 8-7129] Port pcpi_rd[28] in module picorv32 is either unconnected or has no load
WARNING: [Synth 8-7129] Port pcpi_rd[27] in module picorv32 is either unconnected or has no load
WARNING: [Synth 8-7129] Port pcpi_rd[26] in module picorv32 is either unconnected or has no load
WARNING: [Synth 8-7129] Port pcpi_rd[25] in module picorv32 is either unconnected or has no load
WARNING: [Synth 8-7129] Port pcpi_rd[24] in module picorv32 is either unconnected or has no load
WARNING: [Synth 8-7129] Port pcpi_rd[23] in module picorv32 is either unconnected or has no load
WARNING: [Synth 8-7129] Port pcpi_rd[22] in module picorv32 is either unconnected or has no load
WARNING: [Synth 8-7129] Port pcpi_rd[21] in module picorv32 is either unconnected or has no load
WARNING: [Synth 8-7129] Port pcpi_rd[20] in module picorv32 is either unconnected or has no load
WARNING: [Synth 8-7129] Port pcpi_rd[19] in module picorv32 is either unconnected or has no load
WARNING: [Synth 8-7129] Port pcpi_rd[18] in module picorv32 is either unconnected or has no load
WARNING: [Synth 8-7129] Port pcpi_rd[17] in module picorv32 is either unconnected or has no load
WARNING: [Synth 8-7129] Port pcpi_rd[16] in module picorv32 is either unconnected or has no load
WARNING: [Synth 8-7129] Port pcpi_rd[15] in module picorv32 is either unconnected or has no load
WARNING: [Synth 8-7129] Port pcpi_rd[14] in module picorv32 is either unconnected or has no load
WARNING: [Synth 8-7129] Port pcpi_rd[13] in module picorv32 is either unconnected or has no load
WARNING: [Synth 8-7129] Port pcpi_rd[12] in module picorv32 is either unconnected or has no load
WARNING: [Synth 8-7129] Port pcpi_rd[11] in module picorv32 is either unconnected or has no load
WARNING: [Synth 8-7129] Port pcpi_rd[10] in module picorv32 is either unconnected or has no load
WARNING: [Synth 8-7129] Port pcpi_rd[9] in module picorv32 is either unconnected or has no load
WARNING: [Synth 8-7129] Port pcpi_rd[8] in module picorv32 is either unconnected or has no load
WARNING: [Synth 8-7129] Port pcpi_rd[7] in module picorv32 is either unconnected or has no load
WARNING: [Synth 8-7129] Port pcpi_rd[6] in module picorv32 is either unconnected or has no load
WARNING: [Synth 8-7129] Port pcpi_rd[5] in module picorv32 is either unconnected or has no load
WARNING: [Synth 8-7129] Port pcpi_rd[4] in module picorv32 is either unconnected or has no load
WARNING: [Synth 8-7129] Port pcpi_rd[3] in module picorv32 is either unconnected or has no load
WARNING: [Synth 8-7129] Port pcpi_rd[2] in module picorv32 is either unconnected or has no load
WARNING: [Synth 8-7129] Port pcpi_rd[1] in module picorv32 is either unconnected or has no load
WARNING: [Synth 8-7129] Port pcpi_rd[0] in module picorv32 is either unconnected or has no load
WARNING: [Synth 8-7129] Port pcpi_wait in module picorv32 is either unconnected or has no load
INFO: [Common 17-14] Message 'Synth 8-7129' appears 100 times and further instances of the messages will be disabled. Use the Tcl command set_msg_config to change the current settings.
---------------------------------------------------------------------------------
Finished RTL Elaboration : Time (s): cpu = 00:00:07 ; elapsed = 00:00:08 . Memory (MB): peak = 1578.805 ; gain = 581.227
---------------------------------------------------------------------------------
---------------------------------------------------------------------------------
Start Handling Custom Attributes
---------------------------------------------------------------------------------
---------------------------------------------------------------------------------
Finished Handling Custom Attributes : Time (s): cpu = 00:00:07 ; elapsed = 00:00:08 . Memory (MB): peak = 1578.805 ; gain = 581.227
---------------------------------------------------------------------------------
---------------------------------------------------------------------------------
Finished RTL Optimization Phase 1 : Time (s): cpu = 00:00:07 ; elapsed = 00:00:08 . Memory (MB): peak = 1578.805 ; gain = 581.227
---------------------------------------------------------------------------------
Netlist sorting complete. Time (s): cpu = 00:00:00 ; elapsed = 00:00:00.058 . Memory (MB): peak = 1578.805 ; gain = 0.000
INFO: [Netlist 29-17] Analyzing 8 Unisim elements for replacement
WARNING: [Netlist 29-151] Pin 'C1' on instance 'dvidInst/ODDR2_blue' of cell type 'ODDR2' does not have an equivalent function on the new cell type 'ODDR'. Net 'clk_n' that is connected to this pin will not be connected to the replacement instance.
WARNING: [Netlist 29-151] Pin 'C1' on instance 'dvidInst/ODDR2_clock' of cell type 'ODDR2' does not have an equivalent function on the new cell type 'ODDR'. Net 'clk_n' that is connected to this pin will not be connected to the replacement instance.
WARNING: [Netlist 29-151] Pin 'C1' on instance 'dvidInst/ODDR2_green' of cell type 'ODDR2' does not have an equivalent function on the new cell type 'ODDR'. Net 'clk_n' that is connected to this pin will not be connected to the replacement instance.
WARNING: [Netlist 29-151] Pin 'C1' on instance 'dvidInst/ODDR2_red' of cell type 'ODDR2' does not have an equivalent function on the new cell type 'ODDR'. Net 'clk_n' that is connected to this pin will not be connected to the replacement instance.
INFO: [Netlist 29-28] Unisim Transformation completed in 0 CPU seconds
INFO: [Project 1-570] Preparing netlist for logic optimization

Processing XDC Constraints
Initializing timing engine
Parsing XDC File [c:/Users/qubec/Documents/Development/ProjektyVHDL/A7BaseBoard/tangerineA7_200/tangerineA7_200.gen/sources_1/ip/clk_wiz_0/clk_wiz_0/clk_wiz_0_in_context.xdc] for cell 'clk_wiz_0Inst'
Finished Parsing XDC File [c:/Users/qubec/Documents/Development/ProjektyVHDL/A7BaseBoard/tangerineA7_200/tangerineA7_200.gen/sources_1/ip/clk_wiz_0/clk_wiz_0/clk_wiz_0_in_context.xdc] for cell 'clk_wiz_0Inst'
Parsing XDC File [c:/Users/qubec/Documents/Development/ProjektyVHDL/A7BaseBoard/tangerineA7_200/tangerineA7_200.gen/sources_1/ip/fontPROM/fontPROM/fontPROM_in_context.xdc] for cell 'tangerineSOCInst/fontPromInst'
Finished Parsing XDC File [c:/Users/qubec/Documents/Development/ProjektyVHDL/A7BaseBoard/tangerineA7_200/tangerineA7_200.gen/sources_1/ip/fontPROM/fontPROM/fontPROM_in_context.xdc] for cell 'tangerineSOCInst/fontPromInst'
Parsing XDC File [c:/Users/qubec/Documents/Development/ProjektyVHDL/A7BaseBoard/tangerineA7_200/tangerineA7_200.gen/sources_1/ip/uartFiFo/uartFiFo/uartFiFo_in_context.xdc] for cell 'tangerineSOCInst/UARTInst/rxFiFoInst'
Finished Parsing XDC File [c:/Users/qubec/Documents/Development/ProjektyVHDL/A7BaseBoard/tangerineA7_200/tangerineA7_200.gen/sources_1/ip/uartFiFo/uartFiFo/uartFiFo_in_context.xdc] for cell 'tangerineSOCInst/UARTInst/rxFiFoInst'
Parsing XDC File [c:/Users/qubec/Documents/Development/ProjektyVHDL/A7BaseBoard/tangerineA7_200/tangerineA7_200.gen/sources_1/ip/systemRam/systemRam/systemRam_in_context.xdc] for cell 'tangerineSOCInst/systemRamInst'
Finished Parsing XDC File [c:/Users/qubec/Documents/Development/ProjektyVHDL/A7BaseBoard/tangerineA7_200/tangerineA7_200.gen/sources_1/ip/systemRam/systemRam/systemRam_in_context.xdc] for cell 'tangerineSOCInst/systemRamInst'
Parsing XDC File [C:/Users/qubec/Documents/Development/ProjektyVHDL/A7BaseBoard/tangerineA7_200/tangerineA7_200.srcs/constrs_1/new/A7BoardTop.xdc]
Finished Parsing XDC File [C:/Users/qubec/Documents/Development/ProjektyVHDL/A7BaseBoard/tangerineA7_200/tangerineA7_200.srcs/constrs_1/new/A7BoardTop.xdc]
INFO: [Project 1-236] Implementation specific constraints were found while reading constraint file [C:/Users/qubec/Documents/Development/ProjektyVHDL/A7BaseBoard/tangerineA7_200/tangerineA7_200.srcs/constrs_1/new/A7BoardTop.xdc]. These constraints will be ignored for synthesis but will be used in implementation. Impacted constraints are listed in the file [.Xil/A7BoardTop_propImpl.xdc].
Resolution: To avoid this warning, move constraints listed in [.Xil/A7BoardTop_propImpl.xdc] to another XDC file and exclude this new file from synthesis with the used_in_synthesis property (File Properties dialog in GUI) and re-run elaboration/synthesis.
Completed Processing XDC Constraints

Netlist sorting complete. Time (s): cpu = 00:00:00 ; elapsed = 00:00:00.001 . Memory (MB): peak = 1673.973 ; gain = 0.000
INFO: [Project 1-111] Unisim Transformation Summary:
  A total of 8 instances were transformed.
  OBUFDS => OBUFDS: 4 instances
  ODDR2 => ODDR: 4 instances

The system cannot find the path specified.
Constraint Validation Runtime : Time (s): cpu = 00:00:00 ; elapsed = 00:00:00.014 . Memory (MB): peak = 1673.973 ; gain = 0.000
INFO: [Designutils 20-5440] No compile time benefit to using incremental synthesis; A full resynthesis will be run
INFO: [Designutils 20-4379] Flow is switching to default flow due to incremental criteria not met. If you would like to alter this behaviour and have the flow terminate instead, please set the following parameter config_implementation {autoIncr.Synth.RejectBehavior Terminate}
---------------------------------------------------------------------------------
Finished Constraint Validation : Time (s): cpu = 00:00:15 ; elapsed = 00:00:17 . Memory (MB): peak = 1673.973 ; gain = 676.395
---------------------------------------------------------------------------------
---------------------------------------------------------------------------------
Start Loading Part and Timing Information
---------------------------------------------------------------------------------
Loading part: xc7a200tfbg676-1
---------------------------------------------------------------------------------
Finished Loading Part and Timing Information : Time (s): cpu = 00:00:15 ; elapsed = 00:00:17 . Memory (MB): peak = 1673.973 ; gain = 676.395
---------------------------------------------------------------------------------
---------------------------------------------------------------------------------
Start Applying 'set_property' XDC Constraints
---------------------------------------------------------------------------------
Applied set_property KEEP_HIERARCHY = SOFT for clk_wiz_0Inst. (constraint file  auto generated constraint).
Applied set_property KEEP_HIERARCHY = SOFT for tangerineSOCInst/fontPromInst. (constraint file  auto generated constraint).
Applied set_property KEEP_HIERARCHY = SOFT for tangerineSOCInst/UARTInst/rxFiFoInst. (constraint file  auto generated constraint).
Applied set_property KEEP_HIERARCHY = SOFT for tangerineSOCInst/systemRamInst. (constraint file  auto generated constraint).
---------------------------------------------------------------------------------
Finished applying 'set_property' XDC Constraints : Time (s): cpu = 00:00:15 ; elapsed = 00:00:18 . Memory (MB): peak = 1673.973 ; gain = 676.395
---------------------------------------------------------------------------------
INFO: [Synth 8-802] inferred FSM for state register 'pgState_reg' in module 'pixelGenTxt'
INFO: [Synth 8-802] inferred FSM for state register 'mem_state_reg' in module 'picorv32'
INFO: [Synth 8-802] inferred FSM for state register 'rxState_reg' in module 'UART'
INFO: [Synth 8-802] inferred FSM for state register 'txState_reg' in module 'UART'
---------------------------------------------------------------------------------------------------
                   State |                     New Encoding |                Previous Encoding 
---------------------------------------------------------------------------------------------------
                  m0pre0 |                           000000 |                           000000
                  m1pre0 |                           000001 |                           011000
                  m1pre1 |                           000010 |                           011001
                  m1pre2 |                           000011 |                           011010
                  m1pre3 |                           000100 |                           011011
                  m1pre4 |                           000101 |                           011100
                  m1pre5 |                           000110 |                           011101
                  m1pre6 |                           000111 |                           011110
                    m1p0 |                           001000 |                           011111
                    m1p1 |                           001001 |                           100000
                    m1p2 |                           001010 |                           100001
                    m1p3 |                           001011 |                           100010
                    m1p4 |                           001100 |                           100011
                    m1p5 |                           001101 |                           100100
                    m1p6 |                           001110 |                           100101
                    m1p7 |                           001111 |                           100110
                m1hblank |                           010000 |                           101111
                  m0pre1 |                           010001 |                           000001
                  m0pre2 |                           010010 |                           000010
                  m0pre3 |                           010011 |                           000011
                  m0pre4 |                           010100 |                           000100
                  m0pre5 |                           010101 |                           000101
                  m0pre6 |                           010110 |                           000110
                    m0p0 |                           010111 |                           000111
                    m0p1 |                           011000 |                           001000
                    m0p2 |                           011001 |                           001001
                    m0p3 |                           011010 |                           001010
                    m0p4 |                           011011 |                           001011
                    m0p5 |                           011100 |                           001100
                    m0p6 |                           011101 |                           001101
                    m0p7 |                           011110 |                           001110
                    m0p8 |                           011111 |                           001111
                    m0p9 |                           100000 |                           010000
                   m0p10 |                           100001 |                           010001
                   m0p11 |                           100010 |                           010010
                   m0p12 |                           100011 |                           010011
                   m0p13 |                           100100 |                           010100
                   m0p14 |                           100101 |                           010101
                   m0p15 |                           100110 |                           010110
                m0hblank |                           100111 |                           010111
---------------------------------------------------------------------------------------------------
INFO: [Synth 8-3354] encoded FSM with state register 'pgState_reg' using encoding 'sequential' in module 'pixelGenTxt'
---------------------------------------------------------------------------------------------------
                   State |                     New Encoding |                Previous Encoding 
---------------------------------------------------------------------------------------------------
                 iSTATE2 |                               00 |                               00
                 iSTATE0 |                               01 |                               10
                  iSTATE |                               10 |                               01
                 iSTATE1 |                               11 |                               11
---------------------------------------------------------------------------------------------------
INFO: [Synth 8-3354] encoded FSM with state register 'mem_state_reg' using encoding 'sequential' in module 'picorv32'
---------------------------------------------------------------------------------------------------
                   State |                     New Encoding |                Previous Encoding 
---------------------------------------------------------------------------------------------------
                 txsidle |                             0000 |                             0000
 txswaitforstroberelease |                             0001 |                             0001
             txsstartbit |                             0010 |                             0010
                   txsb0 |                             0011 |                             0011
                   txsb1 |                             0100 |                             0100
                   txsb2 |                             0101 |                             0101
                   txsb3 |                             0110 |                             0110
                   txsb4 |                             0111 |                             0111
                   txsb5 |                             1000 |                             1000
                   txsb6 |                             1001 |                             1001
                   txsb7 |                             1010 |                             1010
              txsstopbit |                             1011 |                             1011
---------------------------------------------------------------------------------------------------
INFO: [Synth 8-3354] encoded FSM with state register 'txState_reg' using encoding 'sequential' in module 'UART'
---------------------------------------------------------------------------------------------------
                   State |                     New Encoding |                Previous Encoding 
---------------------------------------------------------------------------------------------------
      rxswaitforstartbit |                             0000 |                             0000
                   rxsb0 |                             0001 |                             0001
                   rxsb1 |                             0010 |                             0010
                   rxsb2 |                             0011 |                             0011
                   rxsb3 |                             0100 |                             0100
                   rxsb4 |                             0101 |                             0101
                   rxsb5 |                             0110 |                             0110
                   rxsb6 |                             0111 |                             0111
                   rxsb7 |                             1000 |                             1000
              rxsstopbit |                             1001 |                             1001
---------------------------------------------------------------------------------------------------
INFO: [Synth 8-3354] encoded FSM with state register 'rxState_reg' using encoding 'sequential' in module 'UART'
---------------------------------------------------------------------------------
Finished RTL Optimization Phase 2 : Time (s): cpu = 00:00:17 ; elapsed = 00:00:19 . Memory (MB): peak = 1673.973 ; gain = 676.395
---------------------------------------------------------------------------------
---------------------------------------------------------------------------------
Start RTL Component Statistics 
---------------------------------------------------------------------------------
Detailed RTL Component Info : 
+---Adders : 
	   2 Input   63 Bit       Adders := 1     
	   2 Input   32 Bit       Adders := 7     
	   3 Input   32 Bit       Adders := 1     
	   2 Input   16 Bit       Adders := 2     
	   2 Input   14 Bit       Adders := 1     
	   2 Input    5 Bit       Adders := 2     
	   8 Input    4 Bit       Adders := 3     
	   9 Input    4 Bit       Adders := 3     
	  11 Input    4 Bit       Adders := 3     
	   4 Input    4 Bit       Adders := 3     
	   3 Input    4 Bit       Adders := 3     
	  10 Input    4 Bit       Adders := 3     
	   2 Input    4 Bit       Adders := 2     
+---XORs : 
	   2 Input     32 Bit         XORs := 1     
	   2 Input      1 Bit         XORs := 42    
+---Registers : 
	               64 Bit    Registers := 1     
	               63 Bit    Registers := 1     
	               36 Bit    Registers := 1     
	               33 Bit    Registers := 2     
	               32 Bit    Registers := 20    
	               24 Bit    Registers := 4     
	               16 Bit    Registers := 3     
	               14 Bit    Registers := 3     
	               11 Bit    Registers := 1     
	               10 Bit    Registers := 10    
	                8 Bit    Registers := 11    
	                5 Bit    Registers := 6     
	                4 Bit    Registers := 7     
	                2 Bit    Registers := 1     
	                1 Bit    Registers := 107   
+---Multipliers : 
	              33x33  Multipliers := 1     
+---RAMs : 
	             1024 Bit	(32 X 32 bit)          RAMs := 1     
+---Muxes : 
	   2 Input   63 Bit        Muxes := 2     
	   2 Input   33 Bit        Muxes := 2     
	   2 Input   32 Bit        Muxes := 33    
	   6 Input   32 Bit        Muxes := 4     
	   9 Input   32 Bit        Muxes := 2     
	   3 Input   32 Bit        Muxes := 3     
	   5 Input   32 Bit        Muxes := 1     
	   4 Input   32 Bit        Muxes := 6     
	   8 Input   32 Bit        Muxes := 1     
	   2 Input   16 Bit        Muxes := 4     
	  12 Input   16 Bit        Muxes := 1     
	  10 Input   16 Bit        Muxes := 1     
	   2 Input   14 Bit        Muxes := 3     
	  40 Input   14 Bit        Muxes := 2     
	   5 Input   10 Bit        Muxes := 6     
	   4 Input   10 Bit        Muxes := 3     
	   2 Input   10 Bit        Muxes := 9     
	   2 Input    9 Bit        Muxes := 6     
	   2 Input    8 Bit        Muxes := 36    
	  40 Input    8 Bit        Muxes := 3     
	   4 Input    8 Bit        Muxes := 4     
	   6 Input    8 Bit        Muxes := 1     
	   3 Input    8 Bit        Muxes := 1     
	   9 Input    8 Bit        Muxes := 1     
	  10 Input    8 Bit        Muxes := 2     
	  40 Input    6 Bit        Muxes := 1     
	   2 Input    6 Bit        Muxes := 4     
	   2 Input    5 Bit        Muxes := 1     
	   9 Input    5 Bit        Muxes := 2     
	   2 Input    4 Bit        Muxes := 12    
	  40 Input    4 Bit        Muxes := 1     
	   5 Input    4 Bit        Muxes := 1     
	   4 Input    4 Bit        Muxes := 1     
	  12 Input    4 Bit        Muxes := 1     
	  10 Input    4 Bit        Muxes := 1     
	   2 Input    3 Bit        Muxes := 2     
	   9 Input    2 Bit        Muxes := 1     
	   4 Input    2 Bit        Muxes := 2     
	   2 Input    2 Bit        Muxes := 2     
	   2 Input    1 Bit        Muxes := 62    
	  40 Input    1 Bit        Muxes := 9     
	   4 Input    1 Bit        Muxes := 13    
	   9 Input    1 Bit        Muxes := 26    
	   7 Input    1 Bit        Muxes := 1     
	   3 Input    1 Bit        Muxes := 6     
	   6 Input    1 Bit        Muxes := 5     
	  12 Input    1 Bit        Muxes := 6     
	  10 Input    1 Bit        Muxes := 4     
	   8 Input    1 Bit        Muxes := 3     
---------------------------------------------------------------------------------
Finished RTL Component Statistics 
---------------------------------------------------------------------------------
---------------------------------------------------------------------------------
Start Part Resource Summary
---------------------------------------------------------------------------------
Part Resources:
DSPs: 740 (col length:100)
BRAMs: 730 (col length: RAMB18 100 RAMB36 50)
---------------------------------------------------------------------------------
Finished Part Resource Summary
---------------------------------------------------------------------------------
---------------------------------------------------------------------------------
Start Cross Boundary and Area Optimization
---------------------------------------------------------------------------------
WARNING: [Synth 8-7080] Parallel synthesis criteria is not met
DSP Report: Generating DSP rd0, operation Mode is: A2*B2.
DSP Report: register rs1_reg is absorbed into DSP rd0.
DSP Report: register rd0 is absorbed into DSP rd0.
DSP Report: operator rd0 is absorbed into DSP rd0.
DSP Report: operator rd0 is absorbed into DSP rd0.
DSP Report: Generating DSP rd_reg, operation Mode is: (PCIN>>17)+A2*B2.
DSP Report: register rs2_reg is absorbed into DSP rd_reg.
DSP Report: register rs1_reg is absorbed into DSP rd_reg.
DSP Report: register rd_reg is absorbed into DSP rd_reg.
DSP Report: operator rd0 is absorbed into DSP rd_reg.
DSP Report: operator rd0 is absorbed into DSP rd_reg.
DSP Report: Generating DSP rd0, operation Mode is: A2*B2.
DSP Report: register rd0 is absorbed into DSP rd0.
DSP Report: register rd0 is absorbed into DSP rd0.
DSP Report: operator rd0 is absorbed into DSP rd0.
DSP Report: operator rd0 is absorbed into DSP rd0.
DSP Report: Generating DSP rd_reg, operation Mode is: (PCIN>>17)+A2*B2.
DSP Report: register rs2_reg is absorbed into DSP rd_reg.
DSP Report: register rd_reg is absorbed into DSP rd_reg.
DSP Report: register rd_reg is absorbed into DSP rd_reg.
DSP Report: operator rd0 is absorbed into DSP rd_reg.
DSP Report: operator rd0 is absorbed into DSP rd_reg.
WARNING: [Synth 8-3917] design A7BoardTop has port sdramA[12] driven by constant 0
WARNING: [Synth 8-3917] design A7BoardTop has port sdramA[11] driven by constant 0
WARNING: [Synth 8-3917] design A7BoardTop has port sdramA[10] driven by constant 0
WARNING: [Synth 8-3917] design A7BoardTop has port sdramA[9] driven by constant 0
WARNING: [Synth 8-3917] design A7BoardTop has port sdramA[8] driven by constant 0
WARNING: [Synth 8-3917] design A7BoardTop has port sdramA[7] driven by constant 0
WARNING: [Synth 8-3917] design A7BoardTop has port sdramA[6] driven by constant 0
WARNING: [Synth 8-3917] design A7BoardTop has port sdramA[5] driven by constant 0
WARNING: [Synth 8-3917] design A7BoardTop has port sdramA[4] driven by constant 0
WARNING: [Synth 8-3917] design A7BoardTop has port sdramA[3] driven by constant 0
WARNING: [Synth 8-3917] design A7BoardTop has port sdramA[2] driven by constant 0
WARNING: [Synth 8-3917] design A7BoardTop has port sdramA[1] driven by constant 0
WARNING: [Synth 8-3917] design A7BoardTop has port sdramA[0] driven by constant 0
WARNING: [Synth 8-3917] design A7BoardTop has port sdramBA[1] driven by constant 0
WARNING: [Synth 8-3917] design A7BoardTop has port sdramBA[0] driven by constant 0
WARNING: [Synth 8-3917] design A7BoardTop has port sdramCKE driven by constant 0
WARNING: [Synth 8-3917] design A7BoardTop has port sdramCLK driven by constant 0
WARNING: [Synth 8-3917] design A7BoardTop has port sdramDQM[3] driven by constant 1
WARNING: [Synth 8-3917] design A7BoardTop has port sdramDQM[2] driven by constant 1
WARNING: [Synth 8-3917] design A7BoardTop has port sdramDQM[1] driven by constant 1
WARNING: [Synth 8-3917] design A7BoardTop has port sdramDQM[0] driven by constant 1
WARNING: [Synth 8-3917] design A7BoardTop has port sdramCAS driven by constant 1
WARNING: [Synth 8-3917] design A7BoardTop has port sdramRAS driven by constant 1
WARNING: [Synth 8-3917] design A7BoardTop has port sdramWE driven by constant 1
WARNING: [Synth 8-3917] design A7BoardTop has port sdramCS driven by constant 1
WARNING: [Synth 8-3332] Sequential element (rd_reg[47]) is unused and will be removed from module picorv32_pcpi_fast_mul.
WARNING: [Synth 8-3332] Sequential element (rd_reg[46]) is unused and will be removed from module picorv32_pcpi_fast_mul.
WARNING: [Synth 8-3332] Sequential element (rd_reg[45]) is unused and will be removed from module picorv32_pcpi_fast_mul.
WARNING: [Synth 8-3332] Sequential element (rd_reg[44]) is unused and will be removed from module picorv32_pcpi_fast_mul.
WARNING: [Synth 8-3332] Sequential element (rd_reg[43]) is unused and will be removed from module picorv32_pcpi_fast_mul.
WARNING: [Synth 8-3332] Sequential element (rd_reg[42]) is unused and will be removed from module picorv32_pcpi_fast_mul.
WARNING: [Synth 8-3332] Sequential element (rd_reg[41]) is unused and will be removed from module picorv32_pcpi_fast_mul.
WARNING: [Synth 8-3332] Sequential element (rd_reg[40]) is unused and will be removed from module picorv32_pcpi_fast_mul.
WARNING: [Synth 8-3332] Sequential element (rd_reg[39]) is unused and will be removed from module picorv32_pcpi_fast_mul.
WARNING: [Synth 8-3332] Sequential element (rd_reg[38]) is unused and will be removed from module picorv32_pcpi_fast_mul.
WARNING: [Synth 8-3332] Sequential element (rd_reg[37]) is unused and will be removed from module picorv32_pcpi_fast_mul.
WARNING: [Synth 8-3332] Sequential element (rd_reg[36]) is unused and will be removed from module picorv32_pcpi_fast_mul.
WARNING: [Synth 8-3332] Sequential element (rd_reg[35]) is unused and will be removed from module picorv32_pcpi_fast_mul.
WARNING: [Synth 8-3332] Sequential element (rd_reg[34]) is unused and will be removed from module picorv32_pcpi_fast_mul.
WARNING: [Synth 8-3332] Sequential element (rd_reg[33]) is unused and will be removed from module picorv32_pcpi_fast_mul.
WARNING: [Synth 8-3332] Sequential element (rd_reg[32]) is unused and will be removed from module picorv32_pcpi_fast_mul.
WARNING: [Synth 8-3332] Sequential element (rd_reg[31]) is unused and will be removed from module picorv32_pcpi_fast_mul.
WARNING: [Synth 8-3332] Sequential element (rd_reg[30]) is unused and will be removed from module picorv32_pcpi_fast_mul.
WARNING: [Synth 8-3332] Sequential element (rd_reg[29]) is unused and will be removed from module picorv32_pcpi_fast_mul.
WARNING: [Synth 8-3332] Sequential element (rd_reg[28]) is unused and will be removed from module picorv32_pcpi_fast_mul.
WARNING: [Synth 8-3332] Sequential element (rd_reg[27]) is unused and will be removed from module picorv32_pcpi_fast_mul.
WARNING: [Synth 8-3332] Sequential element (rd_reg[26]) is unused and will be removed from module picorv32_pcpi_fast_mul.
WARNING: [Synth 8-3332] Sequential element (rd_reg[25]) is unused and will be removed from module picorv32_pcpi_fast_mul.
WARNING: [Synth 8-3332] Sequential element (rd_reg[24]) is unused and will be removed from module picorv32_pcpi_fast_mul.
WARNING: [Synth 8-3332] Sequential element (rd_reg[23]) is unused and will be removed from module picorv32_pcpi_fast_mul.
WARNING: [Synth 8-3332] Sequential element (rd_reg[22]) is unused and will be removed from module picorv32_pcpi_fast_mul.
WARNING: [Synth 8-3332] Sequential element (rd_reg[21]) is unused and will be removed from module picorv32_pcpi_fast_mul.
WARNING: [Synth 8-3332] Sequential element (rd_reg[20]) is unused and will be removed from module picorv32_pcpi_fast_mul.
WARNING: [Synth 8-3332] Sequential element (rd_reg[19]) is unused and will be removed from module picorv32_pcpi_fast_mul.
WARNING: [Synth 8-3332] Sequential element (rd_reg[18]) is unused and will be removed from module picorv32_pcpi_fast_mul.
WARNING: [Synth 8-3332] Sequential element (rd_reg[17]) is unused and will be removed from module picorv32_pcpi_fast_mul.
WARNING: [Synth 8-3332] Sequential element (rd_reg[47]__0) is unused and will be removed from module picorv32_pcpi_fast_mul.
WARNING: [Synth 8-3332] Sequential element (rd_reg[46]__0) is unused and will be removed from module picorv32_pcpi_fast_mul.
WARNING: [Synth 8-3332] Sequential element (rd_reg[45]__0) is unused and will be removed from module picorv32_pcpi_fast_mul.
WARNING: [Synth 8-3332] Sequential element (rd_reg[44]__0) is unused and will be removed from module picorv32_pcpi_fast_mul.
WARNING: [Synth 8-3332] Sequential element (rd_reg[43]__0) is unused and will be removed from module picorv32_pcpi_fast_mul.
WARNING: [Synth 8-3332] Sequential element (rd_reg[42]__0) is unused and will be removed from module picorv32_pcpi_fast_mul.
WARNING: [Synth 8-3332] Sequential element (rd_reg[41]__0) is unused and will be removed from module picorv32_pcpi_fast_mul.
WARNING: [Synth 8-3332] Sequential element (rd_reg[40]__0) is unused and will be removed from module picorv32_pcpi_fast_mul.
WARNING: [Synth 8-3332] Sequential element (rd_reg[39]__0) is unused and will be removed from module picorv32_pcpi_fast_mul.
WARNING: [Synth 8-3332] Sequential element (rd_reg[38]__0) is unused and will be removed from module picorv32_pcpi_fast_mul.
WARNING: [Synth 8-3332] Sequential element (rd_reg[37]__0) is unused and will be removed from module picorv32_pcpi_fast_mul.
WARNING: [Synth 8-3332] Sequential element (rd_reg[36]__0) is unused and will be removed from module picorv32_pcpi_fast_mul.
WARNING: [Synth 8-3332] Sequential element (rd_reg[35]__0) is unused and will be removed from module picorv32_pcpi_fast_mul.
WARNING: [Synth 8-3332] Sequential element (rd_reg[34]__0) is unused and will be removed from module picorv32_pcpi_fast_mul.
WARNING: [Synth 8-3332] Sequential element (rd_reg[33]__0) is unused and will be removed from module picorv32_pcpi_fast_mul.
WARNING: [Synth 8-3332] Sequential element (rd_reg[32]__0) is unused and will be removed from module picorv32_pcpi_fast_mul.
WARNING: [Synth 8-3332] Sequential element (rd_reg[31]__0) is unused and will be removed from module picorv32_pcpi_fast_mul.
WARNING: [Synth 8-3332] Sequential element (rd_reg[30]__0) is unused and will be removed from module picorv32_pcpi_fast_mul.
WARNING: [Synth 8-3332] Sequential element (rd_reg[29]__0) is unused and will be removed from module picorv32_pcpi_fast_mul.
WARNING: [Synth 8-3332] Sequential element (rd_reg[28]__0) is unused and will be removed from module picorv32_pcpi_fast_mul.
WARNING: [Synth 8-3332] Sequential element (rd_reg[27]__0) is unused and will be removed from module picorv32_pcpi_fast_mul.
WARNING: [Synth 8-3332] Sequential element (rd_reg[26]__0) is unused and will be removed from module picorv32_pcpi_fast_mul.
WARNING: [Synth 8-3332] Sequential element (rd_reg[25]__0) is unused and will be removed from module picorv32_pcpi_fast_mul.
WARNING: [Synth 8-3332] Sequential element (rd_reg[24]__0) is unused and will be removed from module picorv32_pcpi_fast_mul.
WARNING: [Synth 8-3332] Sequential element (rd_reg[23]__0) is unused and will be removed from module picorv32_pcpi_fast_mul.
WARNING: [Synth 8-3332] Sequential element (rd_reg[22]__0) is unused and will be removed from module picorv32_pcpi_fast_mul.
WARNING: [Synth 8-3332] Sequential element (rd_reg[21]__0) is unused and will be removed from module picorv32_pcpi_fast_mul.
WARNING: [Synth 8-3332] Sequential element (rd_reg[20]__0) is unused and will be removed from module picorv32_pcpi_fast_mul.
WARNING: [Synth 8-3332] Sequential element (rd_reg[19]__0) is unused and will be removed from module picorv32_pcpi_fast_mul.
WARNING: [Synth 8-3332] Sequential element (rd_reg[18]__0) is unused and will be removed from module picorv32_pcpi_fast_mul.
WARNING: [Synth 8-3332] Sequential element (rd_reg[17]__0) is unused and will be removed from module picorv32_pcpi_fast_mul.
---------------------------------------------------------------------------------
Finished Cross Boundary and Area Optimization : Time (s): cpu = 00:00:30 ; elapsed = 00:00:34 . Memory (MB): peak = 1673.973 ; gain = 676.395
---------------------------------------------------------------------------------
 Sort Area is  rd0_0 : 0 0 : 2737 5129 : Used 1 time 0
 Sort Area is  rd0_0 : 0 1 : 2392 5129 : Used 1 time 0
 Sort Area is  rd0_3 : 0 0 : 2338 4501 : Used 1 time 0
 Sort Area is  rd0_3 : 0 1 : 2163 4501 : Used 1 time 0
---------------------------------------------------------------------------------
Start ROM, RAM, DSP, Shift Register and Retiming Reporting
---------------------------------------------------------------------------------

Distributed RAM: Preliminary Mapping Report (see note below)
+--------------------------------+-------------+-----------+----------------------+--------------+
|Module Name                     | RTL Object  | Inference | Size (Depth x Width) | Primitives   | 
+--------------------------------+-------------+-----------+----------------------+--------------+
|\tangerineSOCInst/picorv32Inst  | cpuregs_reg | Implied   | 32 x 32              | RAM32M x 12  | 
+--------------------------------+-------------+-----------+----------------------+--------------+

Note: The table above is a preliminary report that shows the Distributed RAMs at the current stage of the synthesis flow. Some Distributed RAMs may be reimplemented as non Distributed RAM primitives later in the synthesis flow. Multiple instantiated RAMs are reported only once.

DSP: Preliminary Mapping Report (see note below. The ' indicates corresponding REG is set)
+-----------------------+------------------+--------+--------+--------+--------+--------+------+------+------+------+-------+------+------+
|Module Name            | DSP Mapping      | A Size | B Size | C Size | D Size | P Size | AREG | BREG | CREG | DREG | ADREG | MREG | PREG | 
+-----------------------+------------------+--------+--------+--------+--------+--------+------+------+------+------+-------+------+------+
|picorv32_pcpi_fast_mul | A2*B2            | 18     | 16     | -      | -      | 48     | 1    | 1    | -    | -    | -     | 0    | 0    | 
|picorv32_pcpi_fast_mul | (PCIN>>17)+A2*B2 | 16     | 16     | -      | -      | 48     | 1    | 1    | -    | -    | -     | 0    | 1    | 
|picorv32_pcpi_fast_mul | A2*B2            | 18     | 18     | -      | -      | 48     | 1    | 1    | -    | -    | -     | 0    | 0    | 
|picorv32_pcpi_fast_mul | (PCIN>>17)+A2*B2 | 18     | 16     | -      | -      | 48     | 1    | 1    | -    | -    | -     | 0    | 1    | 
+-----------------------+------------------+--------+--------+--------+--------+--------+------+------+------+------+-------+------+------+

Note: The table above is a preliminary report that shows the DSPs inferred at the current stage of the synthesis flow. Some DSP may be reimplemented as non DSP primitives later in the synthesis flow. Multiple instantiated DSPs are reported only once.
---------------------------------------------------------------------------------
Finished ROM, RAM, DSP, Shift Register and Retiming Reporting
---------------------------------------------------------------------------------
---------------------------------------------------------------------------------
Start Applying XDC Timing Constraints
---------------------------------------------------------------------------------
---------------------------------------------------------------------------------
Finished Applying XDC Timing Constraints : Time (s): cpu = 00:00:38 ; elapsed = 00:00:42 . Memory (MB): peak = 1673.973 ; gain = 676.395
---------------------------------------------------------------------------------
---------------------------------------------------------------------------------
Start Timing Optimization
---------------------------------------------------------------------------------
---------------------------------------------------------------------------------
Finished Timing Optimization : Time (s): cpu = 00:00:38 ; elapsed = 00:00:43 . Memory (MB): peak = 1673.973 ; gain = 676.395
---------------------------------------------------------------------------------
---------------------------------------------------------------------------------
Start ROM, RAM, DSP, Shift Register and Retiming Reporting
---------------------------------------------------------------------------------

Distributed RAM: Final Mapping Report
+--------------------------------+-------------+-----------+----------------------+--------------+
|Module Name                     | RTL Object  | Inference | Size (Depth x Width) | Primitives   | 
+--------------------------------+-------------+-----------+----------------------+--------------+
|\tangerineSOCInst/picorv32Inst  | cpuregs_reg | Implied   | 32 x 32              | RAM32M x 12  | 
+--------------------------------+-------------+-----------+----------------------+--------------+

---------------------------------------------------------------------------------
Finished ROM, RAM, DSP, Shift Register and Retiming Reporting
---------------------------------------------------------------------------------
---------------------------------------------------------------------------------
Start Technology Mapping
---------------------------------------------------------------------------------
---------------------------------------------------------------------------------
Finished Technology Mapping : Time (s): cpu = 00:00:40 ; elapsed = 00:00:44 . Memory (MB): peak = 1673.973 ; gain = 676.395
---------------------------------------------------------------------------------
---------------------------------------------------------------------------------
Start IO Insertion
---------------------------------------------------------------------------------
---------------------------------------------------------------------------------
Start Flattening Before IO Insertion
---------------------------------------------------------------------------------
---------------------------------------------------------------------------------
Finished Flattening Before IO Insertion
---------------------------------------------------------------------------------
---------------------------------------------------------------------------------
Start Final Netlist Cleanup
---------------------------------------------------------------------------------
---------------------------------------------------------------------------------
Finished Final Netlist Cleanup
---------------------------------------------------------------------------------
---------------------------------------------------------------------------------
Finished IO Insertion : Time (s): cpu = 00:00:44 ; elapsed = 00:00:49 . Memory (MB): peak = 1673.973 ; gain = 676.395
---------------------------------------------------------------------------------
---------------------------------------------------------------------------------
Start Renaming Generated Instances
---------------------------------------------------------------------------------
---------------------------------------------------------------------------------
Finished Renaming Generated Instances : Time (s): cpu = 00:00:44 ; elapsed = 00:00:49 . Memory (MB): peak = 1673.973 ; gain = 676.395
---------------------------------------------------------------------------------
---------------------------------------------------------------------------------
Start Rebuilding User Hierarchy
---------------------------------------------------------------------------------
---------------------------------------------------------------------------------
Finished Rebuilding User Hierarchy : Time (s): cpu = 00:00:44 ; elapsed = 00:00:49 . Memory (MB): peak = 1673.973 ; gain = 676.395
---------------------------------------------------------------------------------
---------------------------------------------------------------------------------
Start Renaming Generated Ports
---------------------------------------------------------------------------------
---------------------------------------------------------------------------------
Finished Renaming Generated Ports : Time (s): cpu = 00:00:44 ; elapsed = 00:00:49 . Memory (MB): peak = 1673.973 ; gain = 676.395
---------------------------------------------------------------------------------
---------------------------------------------------------------------------------
Start Handling Custom Attributes
---------------------------------------------------------------------------------
---------------------------------------------------------------------------------
Finished Handling Custom Attributes : Time (s): cpu = 00:00:44 ; elapsed = 00:00:49 . Memory (MB): peak = 1673.973 ; gain = 676.395
---------------------------------------------------------------------------------
---------------------------------------------------------------------------------
Start Renaming Generated Nets
---------------------------------------------------------------------------------
---------------------------------------------------------------------------------
Finished Renaming Generated Nets : Time (s): cpu = 00:00:44 ; elapsed = 00:00:49 . Memory (MB): peak = 1673.973 ; gain = 676.395
---------------------------------------------------------------------------------
---------------------------------------------------------------------------------
Start Writing Synthesis Report
---------------------------------------------------------------------------------

DSP Final Report (the ' indicates corresponding REG is set)
+-----------------------+--------------------+--------+--------+--------+--------+--------+------+------+------+------+-------+------+------+
|Module Name            | DSP Mapping        | A Size | B Size | C Size | D Size | P Size | AREG | BREG | CREG | DREG | ADREG | MREG | PREG | 
+-----------------------+--------------------+--------+--------+--------+--------+--------+------+------+------+------+-------+------+------+
|picorv32_pcpi_fast_mul | A''*B'             | 17     | 18     | -      | -      | 48     | 2    | 1    | -    | -    | -     | 0    | 0    | 
|picorv32_pcpi_fast_mul | (PCIN>>17+A'*B')'  | 30     | 18     | -      | -      | 48     | 1    | 1    | -    | -    | -     | 0    | 1    | 
|picorv32_pcpi_fast_mul | A''*B''            | 17     | 17     | -      | -      | 48     | 2    | 2    | -    | -    | -     | 0    | 0    | 
|picorv32_pcpi_fast_mul | (PCIN>>17+A''*B')' | 17     | 18     | -      | -      | 48     | 2    | 1    | -    | -    | -     | 0    | 1    | 
+-----------------------+--------------------+--------+--------+--------+--------+--------+------+------+------+------+-------+------+------+


Report BlackBoxes: 
+------+--------------+----------+
|      |BlackBox name |Instances |
+------+--------------+----------+
|1     |clk_wiz_0     |         1|
|2     |fontPROM      |         1|
|3     |systemRam     |         1|
|4     |uartFiFo      |         1|
+------+--------------+----------+

Report Cell Usage: 
+------+---------------+------+
|      |Cell           |Count |
+------+---------------+------+
|1     |clk_wiz_0_bbox |     1|
|2     |fontPROM_bbox  |     1|
|3     |systemRam_bbox |     1|
|4     |uartFiFo_bbox  |     1|
|5     |CARRY4         |   183|
|6     |DSP48E1        |     4|
|10    |LUT1           |   198|
|11    |LUT2           |   328|
|12    |LUT3           |   253|
|13    |LUT4           |   388|
|14    |LUT5           |   281|
|15    |LUT6           |   845|
|16    |MUXF7          |     5|
|17    |MUXF8          |     1|
|18    |ODDR2          |     4|
|19    |RAM32M         |    10|
|20    |RAM32X1D       |     4|
|21    |FDCE           |     1|
|22    |FDPE           |    16|
|23    |FDRE           |  1191|
|24    |FDSE           |    60|
|25    |IBUF           |     3|
|26    |OBUF           |    28|
|27    |OBUFDS         |     4|
|28    |OBUFT          |     2|
+------+---------------+------+
---------------------------------------------------------------------------------
Finished Writing Synthesis Report : Time (s): cpu = 00:00:44 ; elapsed = 00:00:49 . Memory (MB): peak = 1673.973 ; gain = 676.395
---------------------------------------------------------------------------------
Synthesis finished with 0 errors, 0 critical warnings and 254 warnings.
Synthesis Optimization Runtime : Time (s): cpu = 00:00:35 ; elapsed = 00:00:46 . Memory (MB): peak = 1673.973 ; gain = 581.227
Synthesis Optimization Complete : Time (s): cpu = 00:00:45 ; elapsed = 00:00:49 . Memory (MB): peak = 1673.973 ; gain = 676.395
INFO: [Project 1-571] Translating synthesized netlist
Netlist sorting complete. Time (s): cpu = 00:00:00 ; elapsed = 00:00:00.046 . Memory (MB): peak = 1673.973 ; gain = 0.000
INFO: [Netlist 29-17] Analyzing 215 Unisim elements for replacement
WARNING: [Netlist 29-151] Pin 'C1' on instance 'dvidInst/ODDR2_blue' of cell type 'ODDR2' does not have an equivalent function on the new cell type 'ODDR'. Net 'clk125ps' that is connected to this pin will not be connected to the replacement instance.
WARNING: [Netlist 29-151] Pin 'C1' on instance 'dvidInst/ODDR2_clock' of cell type 'ODDR2' does not have an equivalent function on the new cell type 'ODDR'. Net 'clk125ps' that is connected to this pin will not be connected to the replacement instance.
WARNING: [Netlist 29-151] Pin 'C1' on instance 'dvidInst/ODDR2_green' of cell type 'ODDR2' does not have an equivalent function on the new cell type 'ODDR'. Net 'clk125ps' that is connected to this pin will not be connected to the replacement instance.
WARNING: [Netlist 29-151] Pin 'C1' on instance 'dvidInst/ODDR2_red' of cell type 'ODDR2' does not have an equivalent function on the new cell type 'ODDR'. Net 'clk125ps' that is connected to this pin will not be connected to the replacement instance.
INFO: [Netlist 29-28] Unisim Transformation completed in 0 CPU seconds
INFO: [Project 1-570] Preparing netlist for logic optimization
INFO: [Opt 31-138] Pushed 0 inverter(s) to 0 load pin(s).
Netlist sorting complete. Time (s): cpu = 00:00:00 ; elapsed = 00:00:00.001 . Memory (MB): peak = 1673.973 ; gain = 0.000
INFO: [Project 1-111] Unisim Transformation Summary:
  A total of 22 instances were transformed.
  OBUFDS => OBUFDS_DUAL_BUF (INV, OBUFDS(x2)): 4 instances
  ODDR2 => ODDR: 4 instances
  RAM32M => RAM32M (RAMD32(x6), RAMS32(x2)): 10 instances
  RAM32X1D => RAM32X1D (RAMD32(x2)): 4 instances

The system cannot find the path specified.
Synth Design complete | Checksum: d90c273a
INFO: [Common 17-83] Releasing license: Synthesis
87 Infos, 295 Warnings, 0 Critical Warnings and 0 Errors encountered.
synth_design completed successfully
synth_design: Time (s): cpu = 00:00:49 ; elapsed = 00:00:55 . Memory (MB): peak = 1673.973 ; gain = 1127.262
Write ShapeDB Complete: Time (s): cpu = 00:00:00 ; elapsed = 00:00:00.005 . Memory (MB): peak = 1673.973 ; gain = 0.000
INFO: [Common 17-1381] The checkpoint 'C:/Users/qubec/Documents/Development/ProjektyVHDL/A7BaseBoard/tangerineA7_200/tangerineA7_200.runs/synth_1/A7BoardTop.dcp' has been generated.
INFO: [runtcl-4] Executing : report_utilization -file A7BoardTop_utilization_synth.rpt -pb A7BoardTop_utilization_synth.pb
INFO: [Common 17-206] Exiting Vivado at Tue Aug  6 13:08:29 2024...
